# Phase-field parametersInput
Alpha: 17.64102564
Beta: 1.0
Kappac: 19.84615385
KappaEta: 6.75
Surface Diffusion: 10.36
GB Diffusion: 0.8
Volume Diffusion: 0.08
Mobility L: 0.069333333
Epsilon: 3.01

# Mechanics Parameters
Surface viscosity: 0.0
GB viscosity: 0.0
Bulk viscosity: 5000.0
Viscosity Ratio: 0.0001
 
# Computational Setting
Particle Radius: 45.0
Particle Number: 2
Characteristic time: 7200.0
Dimension X: 200.0
Dimension Y: 110.0
NumberOfElement X: 200
NumberOfElement Y: 110
TimeStep: 0.03
InitialTime: 0.0
NumberOfTimeStep: 240000
IntialStepCounter: 0
FrequencyOutPut: 2000
 
# Algorithmic parameters
theta: 0.5
 
# Normalized Materials Properties
specfic surface energy: 4.410256410555555
surface thickness: 3.000000000377907
Grain boundary thickness: 3.0
