# Phase-field parametersInput
Alpha: 17.64102564
Beta: 1.0
Kappac: 19.84615385
KappaEta: 6.75
Surface Diffusion: 10.36
GB Diffusion: 0.8
Volume Diffusion: 0.08
Mobility L: 0.069333333
Epsilon: 3.01

# Mechanics Parameters
Surface viscosity: 0.0
GB viscosity: 0.0
Bulk viscosity: 5000.0
Viscosity Ratio: 0.0001
 
# Computational Setting
Particle Radius: 45.0
Particle Number: 2
Characteristic time: 7200.0
Dimension X: 170.0
Dimension Y: 220.0
NumberOfElement X: 34
NumberOfElement Y: 44
TimeStep: 0.03
InitialTime: 0.0
NumberOfTimeStep: 240000
IntialStepCounter: 0
FrequencyOutPut: 2000
 
# Algorithmic parameters
theta: 0.5
 
# Normalized Materials Properties
specfic surface energy: 4.410256410555555
surface thickness: 3.000000000377907
Grain boundary thickness: 3.0
Calling FFC just-in-time (JIT) compiler, this may take some time.
Compiling form ffc_form_ae0e657053fde34901da189b57f6137be88334ef

Compiler stage 1: Analyzing form(s)
-----------------------------------
Adjusting missing element cell to triangle.
Adjusting missing element cell to triangle.
Adjusting missing element cell to triangle.
Adjusting missing element cell to triangle.
Adjusting missing element cell to triangle.
Adjusting missing element cell to triangle.
  
  Geometric dimension:       2
  Number of cell subdomains: 0
  Rank:                      0
  Arguments:                 '()'
  Number of coefficients:    9
  Coefficients:              '[f_0, f_1, f_2, f_3, f_7, f_22, f_25, f_28, f_84]'
  Unique elements:           'R0(?,?), Mixed<CG1(?,?), CG1(?,?)>, CG1(?,?), Vector<2
                              x CG1(?,?)>'
  Unique sub elements:       'R0(?,?), Mixed<CG1(?,?), CG1(?,?)>, CG1(?,?), Vector<2
                              x CG1(?,?)>'
  
  representation:    auto --> uflacs
  quadrature_rule:   auto --> default
  quadrature_degree: auto --> 8
  quadrature_degree: 8
  
Compiler stage 1 finished in 0.0324087 seconds.

Compiler stage 2: Computing intermediate representation
-------------------------------------------------------
  Computing representation of 0 elements
  Computing representation of 0 dofmaps
  Computing representation of 0 coordinate mappings
  Computing representation of integrals
  Computing uflacs representation
  Computing representation of forms
  
Compiler stage 2 finished in 0.101191 seconds.

Compiler stage 3: Optimizing intermediate representation
--------------------------------------------------------
  Optimizing uflacs representation
  
Compiler stage 3 finished in 0.000225067 seconds.

Compiler stage 4: Generating code
---------------------------------
  Generating code for 0 finite_element(s)
  Generating code for 0 dofmap(s)
  Generating code for 0 coordinate_mapping(s)
  Generating code for integrals
  Generating code from ffc.uflacs representation
  Generating code for forms
  
Compiler stage 4 finished in 0.0110981 seconds.

Compiler stage 4.1 finished in 2.14577e-06 seconds.

Compiler stage 5: Formatting code
---------------------------------
  
Compiler stage 5 finished in 0.000322104 seconds.

FFC finished in 0.145591 seconds.
Calling FFC just-in-time (JIT) compiler, this may take some time.
Compiling element ffc_element_ba50c693f49df672d300b79e9a14dcc8a264466e

Compiler stage 1: Analyzing element(s)
--------------------------------------
  
Compiler stage 1 finished in 0.000177622 seconds.

Compiler stage 2: Computing intermediate representation
-------------------------------------------------------
  Computing representation of 1 elements
  Computing representation of 1 dofmaps
  Computing representation of 0 coordinate mappings
  Computing representation of integrals
  Computing representation of forms
  
Compiler stage 2 finished in 0.00174022 seconds.

Compiler stage 3: Optimizing intermediate representation
--------------------------------------------------------
  Skipping optimizations, add -O or attach {'optimize': True} metadata to integrals
  
Compiler stage 3 finished in 0.000193119 seconds.

Compiler stage 4: Generating code
---------------------------------
  Generating code for 1 finite_element(s)
  Generating code for 1 dofmap(s)
  Generating code for 0 coordinate_mapping(s)
  Generating code for integrals
  Generating code for forms
  
Compiler stage 4 finished in 0.0183852 seconds.

Compiler stage 4.1 finished in 1.90735e-06 seconds.

Compiler stage 5: Formatting code
---------------------------------
  
Compiler stage 5 finished in 0.000331402 seconds.

FFC finished in 0.0211544 seconds.
Calling FFC just-in-time (JIT) compiler, this may take some time.
Compiling element ffc_element_7437543551abac27622090490a251adc4801eb89

Compiler stage 1: Analyzing element(s)
--------------------------------------
  
Compiler stage 1 finished in 0.000177622 seconds.

Compiler stage 2: Computing intermediate representation
-------------------------------------------------------
  Computing representation of 1 elements
  Computing representation of 1 dofmaps
  Computing representation of 0 coordinate mappings
  Computing representation of integrals
  Computing representation of forms
  
Compiler stage 2 finished in 0.00118494 seconds.

Compiler stage 3: Optimizing intermediate representation
--------------------------------------------------------
  Skipping optimizations, add -O or attach {'optimize': True} metadata to integrals
  
Compiler stage 3 finished in 0.00018549 seconds.

Compiler stage 4: Generating code
---------------------------------
  Generating code for 1 finite_element(s)
  Generating code for 1 dofmap(s)
  Generating code for 0 coordinate_mapping(s)
  Generating code for integrals
  Generating code for forms
  
Compiler stage 4 finished in 0.00367141 seconds.

Compiler stage 4.1 finished in 1.43051e-06 seconds.

Compiler stage 5: Formatting code
---------------------------------
  
Compiler stage 5 finished in 0.000309229 seconds.

FFC finished in 0.00585437 seconds.
Calling FFC just-in-time (JIT) compiler, this may take some time.
Compiling form ffc_form_d2be31e9fd14e9768fff52e9e324b3cf5f15645c

Compiler stage 1: Analyzing form(s)
-----------------------------------
Adjusting missing element cell to triangle.
  
  Geometric dimension:       2
  Number of cell subdomains: 0
  Rank:                      0
  Arguments:                 '()'
  Number of coefficients:    3
  Coefficients:              '[f_22, f_28, f_47]'
  Unique elements:           'Mixed<CG1(?,?), CG1(?,?)>, CG1(?,?), Vector<2 x CG1(?,
                             ?)>'
  Unique sub elements:       'Mixed<CG1(?,?), CG1(?,?)>, CG1(?,?), Vector<2 x CG1(?,
                             ?)>'
  
  representation:    auto --> uflacs
  quadrature_rule:   auto --> default
  quadrature_degree: auto --> 3
  quadrature_degree: 3
  
Compiler stage 1 finished in 0.00391507 seconds.

Compiler stage 2: Computing intermediate representation
-------------------------------------------------------
  Computing representation of 0 elements
  Computing representation of 0 dofmaps
  Computing representation of 0 coordinate mappings
  Computing representation of integrals
  Computing uflacs representation
  Computing representation of forms
  
Compiler stage 2 finished in 0.0095191 seconds.

Compiler stage 3: Optimizing intermediate representation
--------------------------------------------------------
  Optimizing uflacs representation
  
Compiler stage 3 finished in 0.000196457 seconds.

Compiler stage 4: Generating code
---------------------------------
  Generating code for 0 finite_element(s)
  Generating code for 0 dofmap(s)
  Generating code for 0 coordinate_mapping(s)
  Generating code for integrals
  Generating code from ffc.uflacs representation
  Generating code for forms
  
Compiler stage 4 finished in 0.00240469 seconds.

Compiler stage 4.1 finished in 1.66893e-06 seconds.

Compiler stage 5: Formatting code
---------------------------------
  
Compiler stage 5 finished in 0.000333071 seconds.

FFC finished in 0.0166867 seconds.
Calling FFC just-in-time (JIT) compiler, this may take some time.
Compiling form ffc_form_0b07b3e69c0f2113e6967304427c662947ec2033

Compiler stage 1: Analyzing form(s)
-----------------------------------
  
  Geometric dimension:       2
  Number of cell subdomains: 0
  Rank:                      0
  Arguments:                 '()'
  Number of coefficients:    2
  Coefficients:              '[f_22, f_28]'
  Unique elements:           'Mixed<CG1(?,?), CG1(?,?)>, CG1(?,?), Vector<2 x CG1(?,
                             ?)>'
  Unique sub elements:       'Mixed<CG1(?,?), CG1(?,?)>, CG1(?,?), Vector<2 x CG1(?,
                             ?)>'
  
  representation:    auto --> uflacs
  quadrature_rule:   auto --> default
  quadrature_degree: auto --> 2
  quadrature_degree: 2
  
Compiler stage 1 finished in 0.00361156 seconds.

Compiler stage 2: Computing intermediate representation
-------------------------------------------------------
  Computing representation of 0 elements
  Computing representation of 0 dofmaps
  Computing representation of 0 coordinate mappings
  Computing representation of integrals
  Computing uflacs representation
  Computing representation of forms
  
Compiler stage 2 finished in 0.0100427 seconds.

Compiler stage 3: Optimizing intermediate representation
--------------------------------------------------------
  Optimizing uflacs representation
  
Compiler stage 3 finished in 0.000182867 seconds.

Compiler stage 4: Generating code
---------------------------------
  Generating code for 0 finite_element(s)
  Generating code for 0 dofmap(s)
  Generating code for 0 coordinate_mapping(s)
  Generating code for integrals
  Generating code from ffc.uflacs representation
  Generating code for forms
  
Compiler stage 4 finished in 0.00212169 seconds.

Compiler stage 4.1 finished in 1.43051e-06 seconds.

Compiler stage 5: Formatting code
---------------------------------
  
Compiler stage 5 finished in 0.000304461 seconds.

FFC finished in 0.0165915 seconds.
Calling FFC just-in-time (JIT) compiler, this may take some time.
Compiling form ffc_form_c580ebc3f07bb70647ba3a6304036645ec04ec1c

Compiler stage 1: Analyzing form(s)
-----------------------------------
  
  Geometric dimension:       2
  Number of cell subdomains: 0
  Rank:                      1
  Arguments:                 '(v_0)'
  Number of coefficients:    1
  Coefficients:              '[f_22]'
  Unique elements:           'CG1(?,?), Mixed<CG1(?,?), CG1(?,?)>, Vector<2 x CG1(?,
                             ?)>'
  Unique sub elements:       'CG1(?,?), Mixed<CG1(?,?), CG1(?,?)>, Vector<2 x CG1(?,
                             ?)>'
  
  representation:    auto --> uflacs
  quadrature_rule:   auto --> default
  quadrature_degree: auto --> 2
  quadrature_degree: 2
  
Compiler stage 1 finished in 0.00316024 seconds.

Compiler stage 2: Computing intermediate representation
-------------------------------------------------------
  Computing representation of 0 elements
  Computing representation of 0 dofmaps
  Computing representation of 0 coordinate mappings
  Computing representation of integrals
  Computing uflacs representation
  Computing representation of forms
  
Compiler stage 2 finished in 0.0101562 seconds.

Compiler stage 3: Optimizing intermediate representation
--------------------------------------------------------
  Optimizing uflacs representation
  
Compiler stage 3 finished in 0.000185251 seconds.

Compiler stage 4: Generating code
---------------------------------
  Generating code for 0 finite_element(s)
  Generating code for 0 dofmap(s)
  Generating code for 0 coordinate_mapping(s)
  Generating code for integrals
  Generating code from ffc.uflacs representation
  Generating code for forms
  
Compiler stage 4 finished in 0.0021987 seconds.

Compiler stage 4.1 finished in 1.19209e-06 seconds.

Compiler stage 5: Formatting code
---------------------------------
  
Compiler stage 5 finished in 0.000272512 seconds.

FFC finished in 0.0162945 seconds.
Calling FFC just-in-time (JIT) compiler, this may take some time.
Compiling form ffc_form_e8d9562560040bfdc4893ab8388d37a76feafb65

Compiler stage 1: Analyzing form(s)
-----------------------------------
  
  Geometric dimension:       2
  Number of cell subdomains: 0
  Rank:                      2
  Arguments:                 '(v_0, v_1)'
  Number of coefficients:    0
  Coefficients:              '[]'
  Unique elements:           'CG1(?,?), Vector<2 x CG1(?,?)>'
  Unique sub elements:       'CG1(?,?), Vector<2 x CG1(?,?)>'
  
  representation:    auto --> uflacs
  quadrature_rule:   auto --> default
  quadrature_degree: auto --> 2
  quadrature_degree: 2
  
Compiler stage 1 finished in 0.00353551 seconds.

Compiler stage 2: Computing intermediate representation
-------------------------------------------------------
  Computing representation of 0 elements
  Computing representation of 0 dofmaps
  Computing representation of 0 coordinate mappings
  Computing representation of integrals
  Computing uflacs representation
  Computing representation of forms
  
Compiler stage 2 finished in 0.00845814 seconds.

Compiler stage 3: Optimizing intermediate representation
--------------------------------------------------------
  Optimizing uflacs representation
  
Compiler stage 3 finished in 0.000196695 seconds.

Compiler stage 4: Generating code
---------------------------------
  Generating code for 0 finite_element(s)
  Generating code for 0 dofmap(s)
  Generating code for 0 coordinate_mapping(s)
  Generating code for integrals
  Generating code from ffc.uflacs representation
  Generating code for forms
  
Compiler stage 4 finished in 0.00217581 seconds.

Compiler stage 4.1 finished in 1.19209e-06 seconds.

Compiler stage 5: Formatting code
---------------------------------
  
Compiler stage 5 finished in 0.000312328 seconds.

FFC finished in 0.014998 seconds.
Calling FFC just-in-time (JIT) compiler, this may take some time.
Compiling element ffc_element_f262e3edb9423cf0790f5d3dd520dffff6511d16

Compiler stage 1: Analyzing element(s)
--------------------------------------
  
Compiler stage 1 finished in 0.000174761 seconds.

Compiler stage 2: Computing intermediate representation
-------------------------------------------------------
  Computing representation of 1 elements
  Computing representation of 1 dofmaps
  Computing representation of 0 coordinate mappings
  Computing representation of integrals
  Computing representation of forms
  
Compiler stage 2 finished in 0.00443602 seconds.

Compiler stage 3: Optimizing intermediate representation
--------------------------------------------------------
  Skipping optimizations, add -O or attach {'optimize': True} metadata to integrals
  
Compiler stage 3 finished in 0.000176191 seconds.

Compiler stage 4: Generating code
---------------------------------
  Generating code for 1 finite_element(s)
  Generating code for 1 dofmap(s)
  Generating code for 0 coordinate_mapping(s)
  Generating code for integrals
  Generating code for forms
  
Compiler stage 4 finished in 0.00789905 seconds.

Compiler stage 4.1 finished in 1.66893e-06 seconds.

Compiler stage 5: Formatting code
---------------------------------
  
Compiler stage 5 finished in 0.000287294 seconds.

FFC finished in 0.0132897 seconds.
Calling FFC just-in-time (JIT) compiler, this may take some time.
Compiling form ffc_form_9bb486ab4715fde7a7fb411a2c2d435053a1e35c

Compiler stage 1: Analyzing form(s)
-----------------------------------
  
  Geometric dimension:       2
  Number of cell subdomains: 0
  Rank:                      0
  Arguments:                 '()'
  Number of coefficients:    1
  Coefficients:              '[f_105]'
  Unique elements:           'CG1(?,?), Vector<2 x CG1(?,?)>'
  Unique sub elements:       'CG1(?,?), Vector<2 x CG1(?,?)>'
  
  representation:    auto --> uflacs
  quadrature_rule:   auto --> default
  quadrature_degree: auto --> 1
  quadrature_degree: 1
  
Compiler stage 1 finished in 0.00296354 seconds.

Compiler stage 2: Computing intermediate representation
-------------------------------------------------------
  Computing representation of 0 elements
  Computing representation of 0 dofmaps
  Computing representation of 0 coordinate mappings
  Computing representation of integrals
  Computing uflacs representation
  Computing representation of forms
  
Compiler stage 2 finished in 0.00576997 seconds.

Compiler stage 3: Optimizing intermediate representation
--------------------------------------------------------
  Optimizing uflacs representation
  
Compiler stage 3 finished in 0.000202417 seconds.

Compiler stage 4: Generating code
---------------------------------
  Generating code for 0 finite_element(s)
  Generating code for 0 dofmap(s)
  Generating code for 0 coordinate_mapping(s)
  Generating code for integrals
  Generating code from ffc.uflacs representation
  Generating code for forms
  
Compiler stage 4 finished in 0.00186324 seconds.

Compiler stage 4.1 finished in 1.19209e-06 seconds.

Compiler stage 5: Formatting code
---------------------------------
  
Compiler stage 5 finished in 0.0002985 seconds.

FFC finished in 0.011482 seconds.
Calling FFC just-in-time (JIT) compiler, this may take some time.
Compiling element ffc_element_fd82e1b5d33bbf90ffac366e576ba33116ca3f80

Compiler stage 1: Analyzing element(s)
--------------------------------------
  
Compiler stage 1 finished in 0.000150681 seconds.

Compiler stage 2: Computing intermediate representation
-------------------------------------------------------
  Computing representation of 1 elements
  Computing representation of 1 dofmaps
  Computing representation of 0 coordinate mappings
  Computing representation of integrals
  Computing representation of forms
  
Compiler stage 2 finished in 0.00106716 seconds.

Compiler stage 3: Optimizing intermediate representation
--------------------------------------------------------
  Skipping optimizations, add -O or attach {'optimize': True} metadata to integrals
  
Compiler stage 3 finished in 0.000195503 seconds.

Compiler stage 4: Generating code
---------------------------------
  Generating code for 1 finite_element(s)
  Generating code for 1 dofmap(s)
  Generating code for 0 coordinate_mapping(s)
  Generating code for integrals
  Generating code for forms
  
Compiler stage 4 finished in 0.00750852 seconds.

Compiler stage 4.1 finished in 1.19209e-06 seconds.

Compiler stage 5: Formatting code
---------------------------------
  
Compiler stage 5 finished in 0.000298977 seconds.

FFC finished in 0.00951982 seconds.
Calling FFC just-in-time (JIT) compiler, this may take some time.
Compiling element ffc_element_07c50526e8bd25343a557f67c2b0531aba7a36c4

Compiler stage 1: Analyzing element(s)
--------------------------------------
  
Compiler stage 1 finished in 0.000174761 seconds.

Compiler stage 2: Computing intermediate representation
-------------------------------------------------------
  Computing representation of 1 elements
  Computing representation of 1 dofmaps
  Computing representation of 0 coordinate mappings
  Computing representation of integrals
  Computing representation of forms
  
Compiler stage 2 finished in 0.00157022 seconds.

Compiler stage 3: Optimizing intermediate representation
--------------------------------------------------------
  Skipping optimizations, add -O or attach {'optimize': True} metadata to integrals
  
Compiler stage 3 finished in 0.000203371 seconds.

Compiler stage 4: Generating code
---------------------------------
  Generating code for 1 finite_element(s)
  Generating code for 1 dofmap(s)
  Generating code for 0 coordinate_mapping(s)
  Generating code for integrals
  Generating code for forms
  
Compiler stage 4 finished in 0.0108054 seconds.

Compiler stage 4.1 finished in 1.66893e-06 seconds.

Compiler stage 5: Formatting code
---------------------------------
  
Compiler stage 5 finished in 0.000344515 seconds.

FFC finished in 0.0133917 seconds.
Calling FFC just-in-time (JIT) compiler, this may take some time.
Compiling coordinate_mapping ffc_coordinate_mapping_30a84f4bae84b65c8692170ffdf3ba1057eb74c7

Compiler stage 1: Analyzing coordinate_mapping(s)
-------------------------------------------------
  
Compiler stage 1 finished in 0.000174284 seconds.

Compiler stage 2: Computing intermediate representation
-------------------------------------------------------
  Computing representation of 0 elements
  Computing representation of 0 dofmaps
  Computing representation of 1 coordinate mappings
  Computing representation of integrals
  Computing representation of forms
  
Compiler stage 2 finished in 0.000863552 seconds.

Compiler stage 3: Optimizing intermediate representation
--------------------------------------------------------
  Skipping optimizations, add -O or attach {'optimize': True} metadata to integrals
  
Compiler stage 3 finished in 0.000178814 seconds.

Compiler stage 4: Generating code
---------------------------------
  Generating code for 0 finite_element(s)
  Generating code for 0 dofmap(s)
  Generating code for 1 coordinate_mapping(s)
  Generating code for integrals
  Generating code for forms
  
Compiler stage 4 finished in 0.00356913 seconds.

Compiler stage 4.1 finished in 1.43051e-06 seconds.

Compiler stage 5: Formatting code
---------------------------------
  
Compiler stage 5 finished in 0.000272989 seconds.

FFC finished in 0.00534987 seconds.
Calling FFC just-in-time (JIT) compiler, this may take some time.
Compiling form ffc_form_077bed119d3e1f0018b8728b57cf55e0b4b21399

Compiler stage 1: Analyzing form(s)
-----------------------------------
  
  Geometric dimension:       2
  Number of cell subdomains: 0
  Rank:                      0
  Arguments:                 '()'
  Number of coefficients:    3
  Coefficients:              '[f_22, f_25, f_28]'
  Unique elements:           'Mixed<CG1(?,?), CG1(?,?)>, CG1(?,?), Vector<2 x CG1(?,
                             ?)>'
  Unique sub elements:       'Mixed<CG1(?,?), CG1(?,?)>, CG1(?,?), Vector<2 x CG1(?,
                             ?)>'
  
  representation:    auto --> uflacs
  quadrature_rule:   auto --> default
  quadrature_degree: auto --> 4
  quadrature_degree: 4
  
Compiler stage 1 finished in 0.00334907 seconds.

Compiler stage 2: Computing intermediate representation
-------------------------------------------------------
  Computing representation of 0 elements
  Computing representation of 0 dofmaps
  Computing representation of 0 coordinate mappings
  Computing representation of integrals
  Computing uflacs representation
  Computing representation of forms
  
Compiler stage 2 finished in 0.0093658 seconds.

Compiler stage 3: Optimizing intermediate representation
--------------------------------------------------------
  Optimizing uflacs representation
  
Compiler stage 3 finished in 0.000185251 seconds.

Compiler stage 4: Generating code
---------------------------------
  Generating code for 0 finite_element(s)
  Generating code for 0 dofmap(s)
  Generating code for 0 coordinate_mapping(s)
  Generating code for integrals
  Generating code from ffc.uflacs representation
  Generating code for forms
  
Compiler stage 4 finished in 0.00235081 seconds.

Compiler stage 4.1 finished in 1.19209e-06 seconds.

Compiler stage 5: Formatting code
---------------------------------
  
Compiler stage 5 finished in 0.00031662 seconds.

FFC finished in 0.0158801 seconds.
Calling FFC just-in-time (JIT) compiler, this may take some time.
Compiling form ffc_form_8407f7adb54549c2d16f6fb1bbc7087b907404fa

Compiler stage 1: Analyzing form(s)
-----------------------------------
Adjusting missing element cell to triangle.
Adjusting missing element cell to triangle.
Adjusting missing element cell to triangle.
  
  Geometric dimension:       2
  Number of cell subdomains: 0
  Rank:                      1
  Arguments:                 '(v_0)'
  Number of coefficients:    6
  Coefficients:              '[f_2, f_3, f_7, f_22, f_25, f_28]'
  Unique elements:           'Mixed<Vector<2 x CG2(?,?)>, CG1(?,?)>, R0(?,?), Mixed<
                             CG1(?,?), CG1(?,?)>, CG1(?,?), Vector<2 x CG1(?,?)>'
  Unique sub elements:       'Mixed<Vector<2 x CG2(?,?)>, CG1(?,?)>, R0(?,?), Mixed<
                             CG1(?,?), CG1(?,?)>, CG1(?,?), Vector<2 x CG1(?,?)>, Ve
                             ctor<2 x CG2(?,?)>, CG2(?,?)'
  
  representation:    auto --> uflacs
  quadrature_rule:   auto --> default
  quadrature_degree: auto --> 5
  quadrature_degree: 5
  
Compiler stage 1 finished in 0.0102923 seconds.

Compiler stage 2: Computing intermediate representation
-------------------------------------------------------
  Computing representation of 0 elements
  Computing representation of 0 dofmaps
  Computing representation of 0 coordinate mappings
  Computing representation of integrals
  Computing uflacs representation
  Computing representation of forms
  
Compiler stage 2 finished in 0.0937879 seconds.

Compiler stage 3: Optimizing intermediate representation
--------------------------------------------------------
  Optimizing uflacs representation
  
Compiler stage 3 finished in 0.000194073 seconds.

Compiler stage 4: Generating code
---------------------------------
  Generating code for 0 finite_element(s)
  Generating code for 0 dofmap(s)
  Generating code for 0 coordinate_mapping(s)
  Generating code for integrals
  Generating code from ffc.uflacs representation
  Generating code for forms
  
Compiler stage 4 finished in 0.00431585 seconds.

Compiler stage 4.1 finished in 1.66893e-06 seconds.

Compiler stage 5: Formatting code
---------------------------------
  
Compiler stage 5 finished in 0.000324965 seconds.

FFC finished in 0.109231 seconds.
Calling FFC just-in-time (JIT) compiler, this may take some time.
Compiling form ffc_form_3f8b7bc90ca7af68471a1fb0854d4fae6ee7f364

Compiler stage 1: Analyzing form(s)
-----------------------------------
Adjusting missing element cell to triangle.
  
  Geometric dimension:       2
  Number of cell subdomains: 0
  Rank:                      2
  Arguments:                 '(v_0, v_1)'
  Number of coefficients:    2
  Coefficients:              '[f_7, f_22]'
  Unique elements:           'Mixed<Vector<2 x CG2(?,?)>, CG1(?,?)>, R0(?,?), Mixed<
                             CG1(?,?), CG1(?,?)>, Vector<2 x CG1(?,?)>'
  Unique sub elements:       'Mixed<Vector<2 x CG2(?,?)>, CG1(?,?)>, R0(?,?), Mixed<
                             CG1(?,?), CG1(?,?)>, Vector<2 x CG1(?,?)>, Vector<2 x C
                             G2(?,?)>, CG1(?,?), CG2(?,?)'
  
  representation:    auto --> uflacs
  quadrature_rule:   auto --> default
  quadrature_degree: auto --> 6
  quadrature_degree: 6
  
Compiler stage 1 finished in 0.0097239 seconds.

Compiler stage 2: Computing intermediate representation
-------------------------------------------------------
  Computing representation of 0 elements
  Computing representation of 0 dofmaps
  Computing representation of 0 coordinate mappings
  Computing representation of integrals
  Computing uflacs representation
  Computing representation of forms
  
Compiler stage 2 finished in 0.0354831 seconds.

Compiler stage 3: Optimizing intermediate representation
--------------------------------------------------------
  Optimizing uflacs representation
  
Compiler stage 3 finished in 0.000222206 seconds.

Compiler stage 4: Generating code
---------------------------------
  Generating code for 0 finite_element(s)
  Generating code for 0 dofmap(s)
  Generating code for 0 coordinate_mapping(s)
  Generating code for integrals
  Generating code from ffc.uflacs representation
  Generating code for forms
  
Compiler stage 4 finished in 0.00823855 seconds.

Compiler stage 4.1 finished in 1.43051e-06 seconds.

Compiler stage 5: Formatting code
---------------------------------
  
Compiler stage 5 finished in 0.000285149 seconds.

FFC finished in 0.0542886 seconds.
Calling FFC just-in-time (JIT) compiler, this may take some time.
Compiling form ffc_form_83a12ace45753d4eb8796cf8bafabfd8f5c3f0d1

Compiler stage 1: Analyzing form(s)
-----------------------------------
  
  Geometric dimension:       2
  Number of cell subdomains: 0
  Rank:                      1
  Arguments:                 '(v_0)'
  Number of coefficients:    3
  Coefficients:              '[f_22, f_25, f_28]'
  Unique elements:           'CG1(?,?), Mixed<CG1(?,?), CG1(?,?)>, Vector<2 x CG1(?,
                             ?)>'
  Unique sub elements:       'CG1(?,?), Mixed<CG1(?,?), CG1(?,?)>, Vector<2 x CG1(?,
                             ?)>'
  
  representation:    auto --> uflacs
  quadrature_rule:   auto --> default
  quadrature_degree: auto --> 5
  quadrature_degree: 5
  
Compiler stage 1 finished in 0.00379968 seconds.

Compiler stage 2: Computing intermediate representation
-------------------------------------------------------
  Computing representation of 0 elements
  Computing representation of 0 dofmaps
  Computing representation of 0 coordinate mappings
  Computing representation of integrals
  Computing uflacs representation
  Computing representation of forms
  
Compiler stage 2 finished in 0.0104861 seconds.

Compiler stage 3: Optimizing intermediate representation
--------------------------------------------------------
  Optimizing uflacs representation
  
Compiler stage 3 finished in 0.000187397 seconds.

Compiler stage 4: Generating code
---------------------------------
  Generating code for 0 finite_element(s)
  Generating code for 0 dofmap(s)
  Generating code for 0 coordinate_mapping(s)
  Generating code for integrals
  Generating code from ffc.uflacs representation
  Generating code for forms
  
Compiler stage 4 finished in 0.00246835 seconds.

Compiler stage 4.1 finished in 1.19209e-06 seconds.

Compiler stage 5: Formatting code
---------------------------------
  
Compiler stage 5 finished in 0.000311852 seconds.

FFC finished in 0.017575 seconds.
Calling FFC just-in-time (JIT) compiler, this may take some time.
Compiling form ffc_form_12560f8c7db680992f1352b3988fb8936a0044b1

Compiler stage 1: Analyzing form(s)
-----------------------------------
Adjusting missing element cell to triangle.
Adjusting missing element cell to triangle.
Adjusting missing element cell to triangle.
Adjusting missing element cell to triangle.
Adjusting missing element cell to triangle.
Adjusting missing element cell to triangle.
  
  Geometric dimension:       2
  Number of cell subdomains: 0
  Rank:                      1
  Arguments:                 '(v_0)'
  Number of coefficients:    10
  Coefficients:              '[f_0, f_1, f_2, f_3, f_7, f_22, f_25, f_28, f_40, f_12
                             0]'
  Unique elements:           'Tensor<(2, 2) x CG1(?,?)>, R0(?,?), Mixed<CG1(?,?), CG
                             1(?,?)>, CG1(?,?), Mixed<Vector<2 x CG2(?,?)>, CG1(?,?)
                             >, Vector<2 x CG1(?,?)>'
  Unique sub elements:       'Tensor<(2, 2) x CG1(?,?)>, R0(?,?), Mixed<CG1(?,?), CG
                             1(?,?)>, CG1(?,?), Mixed<Vector<2 x CG2(?,?)>, CG1(?,?)
                             >, Vector<2 x CG1(?,?)>, Vector<2 x CG2(?,?)>, CG2(?,?)
                             '
  
  representation:    auto --> uflacs
  quadrature_rule:   auto --> default
  quadrature_degree: auto --> 9
  quadrature_degree: 9
  
Compiler stage 1 finished in 0.0138083 seconds.

Compiler stage 2: Computing intermediate representation
-------------------------------------------------------
  Computing representation of 0 elements
  Computing representation of 0 dofmaps
  Computing representation of 0 coordinate mappings
  Computing representation of integrals
  Computing uflacs representation
  Computing representation of forms
  
Compiler stage 2 finished in 0.0486698 seconds.

Compiler stage 3: Optimizing intermediate representation
--------------------------------------------------------
  Optimizing uflacs representation
  
Compiler stage 3 finished in 0.000191212 seconds.

Compiler stage 4: Generating code
---------------------------------
  Generating code for 0 finite_element(s)
  Generating code for 0 dofmap(s)
  Generating code for 0 coordinate_mapping(s)
  Generating code for integrals
  Generating code from ffc.uflacs representation
  Generating code for forms
  
Compiler stage 4 finished in 0.00756001 seconds.

Compiler stage 4.1 finished in 1.43051e-06 seconds.

Compiler stage 5: Formatting code
---------------------------------
  
Compiler stage 5 finished in 0.000282526 seconds.

FFC finished in 0.070828 seconds.
Calling FFC just-in-time (JIT) compiler, this may take some time.
Compiling form ffc_form_f016e0655a2d9e0134e0493c5e6d550cb0bdbb87

Compiler stage 1: Analyzing form(s)
-----------------------------------
  
  Geometric dimension:       2
  Number of cell subdomains: 0
  Rank:                      2
  Arguments:                 '(v_0, v_1)'
  Number of coefficients:    0
  Coefficients:              '[]'
  Unique elements:           'Tensor<(2, 2) x CG1(?,?)>, Vector<2 x CG1(?,?)>'
  Unique sub elements:       'Tensor<(2, 2) x CG1(?,?)>, Vector<2 x CG1(?,?)>, CG1(?
                             ,?)'
  
  representation:    auto --> uflacs
  quadrature_rule:   auto --> default
  quadrature_degree: auto --> 2
  quadrature_degree: 2
  
Compiler stage 1 finished in 0.0037415 seconds.

Compiler stage 2: Computing intermediate representation
-------------------------------------------------------
  Computing representation of 0 elements
  Computing representation of 0 dofmaps
  Computing representation of 0 coordinate mappings
  Computing representation of integrals
  Computing uflacs representation
  Computing representation of forms
  
Compiler stage 2 finished in 0.0126605 seconds.

Compiler stage 3: Optimizing intermediate representation
--------------------------------------------------------
  Optimizing uflacs representation
  
Compiler stage 3 finished in 0.000192165 seconds.

Compiler stage 4: Generating code
---------------------------------
  Generating code for 0 finite_element(s)
  Generating code for 0 dofmap(s)
  Generating code for 0 coordinate_mapping(s)
  Generating code for integrals
  Generating code from ffc.uflacs representation
  Generating code for forms
  
Compiler stage 4 finished in 0.00260305 seconds.

Compiler stage 4.1 finished in 1.66893e-06 seconds.

Compiler stage 5: Formatting code
---------------------------------
  
Compiler stage 5 finished in 0.000281096 seconds.

FFC finished in 0.0198104 seconds.
Calling FFC just-in-time (JIT) compiler, this may take some time.
Compiling form ffc_form_f7e556e5c621ef41d6e8f6708212f30eb69c08d6

Compiler stage 1: Analyzing form(s)
-----------------------------------
Adjusting missing element cell to triangle.
Adjusting missing element cell to triangle.
Adjusting missing element cell to triangle.
Adjusting missing element cell to triangle.
Adjusting missing element cell to triangle.
Adjusting missing element cell to triangle.
Adjusting missing element cell to triangle.
  
  Geometric dimension:       2
  Number of cell subdomains: 0
  Rank:                      1
  Arguments:                 '(v_0)'
  Number of coefficients:    10
  Coefficients:              '[f_0, f_1, f_2, f_3, f_7, f_9, f_31, f_34, f_37, f_119
                             ]'
  Unique elements:           'Mixed<CG1(?,?), CG1(?,?)>, R0(?,?), CG1(?,?), Vector<2
                              x CG1(?,?)>'
  Unique sub elements:       'Mixed<CG1(?,?), CG1(?,?)>, R0(?,?), CG1(?,?), Vector<2
                              x CG1(?,?)>'
  
  representation:    auto --> uflacs
  quadrature_rule:   auto --> default
  quadrature_degree: auto --> 8
  quadrature_degree: 8
  
Compiler stage 1 finished in 0.0125079 seconds.

Compiler stage 2: Computing intermediate representation
-------------------------------------------------------
  Computing representation of 0 elements
  Computing representation of 0 dofmaps
  Computing representation of 0 coordinate mappings
  Computing representation of integrals
  Computing uflacs representation
  Computing representation of forms
  
Compiler stage 2 finished in 0.0246096 seconds.

Compiler stage 3: Optimizing intermediate representation
--------------------------------------------------------
  Optimizing uflacs representation
  
Compiler stage 3 finished in 0.000189781 seconds.

Compiler stage 4: Generating code
---------------------------------
  Generating code for 0 finite_element(s)
  Generating code for 0 dofmap(s)
  Generating code for 0 coordinate_mapping(s)
  Generating code for integrals
  Generating code from ffc.uflacs representation
  Generating code for forms
  
Compiler stage 4 finished in 0.00432205 seconds.

Compiler stage 4.1 finished in 1.19209e-06 seconds.

Compiler stage 5: Formatting code
---------------------------------
  
Compiler stage 5 finished in 0.000286102 seconds.

FFC finished in 0.0422287 seconds.
Calling FFC just-in-time (JIT) compiler, this may take some time.
Compiling form ffc_form_eb9db2ddca41d0ee8347c1a442947270a42ea8c2

Compiler stage 1: Analyzing form(s)
-----------------------------------
Adjusting missing element cell to triangle.
Adjusting missing element cell to triangle.
Adjusting missing element cell to triangle.
Adjusting missing element cell to triangle.
Adjusting missing element cell to triangle.
Adjusting missing element cell to triangle.
Adjusting missing element cell to triangle.
  
  Geometric dimension:       2
  Number of cell subdomains: 0
  Rank:                      2
  Arguments:                 '(v_0, v_1)'
  Number of coefficients:    11
  Coefficients:              '[f_0, f_2, f_4, f_5, f_6, f_7, f_9, f_31, f_34, f_37, 
                             f_40]'
  Unique elements:           'Mixed<CG1(?,?), CG1(?,?)>, R0(?,?), CG1(?,?), Mixed<Ve
                             ctor<2 x CG2(?,?)>, CG1(?,?)>, Vector<2 x CG1(?,?)>'
  Unique sub elements:       'Mixed<CG1(?,?), CG1(?,?)>, R0(?,?), CG1(?,?), Mixed<Ve
                             ctor<2 x CG2(?,?)>, CG1(?,?)>, Vector<2 x CG1(?,?)>, Ve
                             ctor<2 x CG2(?,?)>, CG2(?,?)'
  
  representation:    auto --> uflacs
  quadrature_rule:   auto --> default
  quadrature_degree: auto --> 10
  quadrature_degree: 10
  
Compiler stage 1 finished in 0.0126188 seconds.

Compiler stage 2: Computing intermediate representation
-------------------------------------------------------
  Computing representation of 0 elements
  Computing representation of 0 dofmaps
  Computing representation of 0 coordinate mappings
  Computing representation of integrals
  Computing uflacs representation
  Computing representation of forms
  
Compiler stage 2 finished in 0.0325937 seconds.

Compiler stage 3: Optimizing intermediate representation
--------------------------------------------------------
  Optimizing uflacs representation
  
Compiler stage 3 finished in 0.000194311 seconds.

Compiler stage 4: Generating code
---------------------------------
  Generating code for 0 finite_element(s)
  Generating code for 0 dofmap(s)
  Generating code for 0 coordinate_mapping(s)
  Generating code for integrals
  Generating code from ffc.uflacs representation
  Generating code for forms
  
Compiler stage 4 finished in 0.00745487 seconds.

Compiler stage 4.1 finished in 1.66893e-06 seconds.

Compiler stage 5: Formatting code
---------------------------------
  
Compiler stage 5 finished in 0.000292778 seconds.

FFC finished in 0.0534768 seconds.
Calling FFC just-in-time (JIT) compiler, this may take some time.
Compiling form ffc_form_d512abdf204d670555d3b7751ff283f6dbbd3aee

Compiler stage 1: Analyzing form(s)
-----------------------------------
Adjusting missing element cell to triangle.
Adjusting missing element cell to triangle.
Adjusting missing element cell to triangle.
Adjusting missing element cell to triangle.
Adjusting missing element cell to triangle.
  
  Geometric dimension:       2
  Number of cell subdomains: 0
  Rank:                      1
  Arguments:                 '(v_0)'
  Number of coefficients:    8
  Coefficients:              '[f_1, f_3, f_7, f_8, f_10, f_31, f_34, f_37]'
  Unique elements:           'CG1(?,?), R0(?,?), Mixed<CG1(?,?), CG1(?,?)>, Vector<2
                              x CG1(?,?)>'
  Unique sub elements:       'CG1(?,?), R0(?,?), Mixed<CG1(?,?), CG1(?,?)>, Vector<2
                              x CG1(?,?)>'
  
  representation:    auto --> uflacs
  quadrature_rule:   auto --> default
  quadrature_degree: auto --> 8
  quadrature_degree: 8
  
Compiler stage 1 finished in 0.01017 seconds.

Compiler stage 2: Computing intermediate representation
-------------------------------------------------------
  Computing representation of 0 elements
  Computing representation of 0 dofmaps
  Computing representation of 0 coordinate mappings
  Computing representation of integrals
  Computing uflacs representation
  Computing representation of forms
  
Compiler stage 2 finished in 0.0181742 seconds.

Compiler stage 3: Optimizing intermediate representation
--------------------------------------------------------
  Optimizing uflacs representation
  
Compiler stage 3 finished in 0.000188828 seconds.

Compiler stage 4: Generating code
---------------------------------
  Generating code for 0 finite_element(s)
  Generating code for 0 dofmap(s)
  Generating code for 0 coordinate_mapping(s)
  Generating code for integrals
  Generating code from ffc.uflacs representation
  Generating code for forms
  
Compiler stage 4 finished in 0.00400496 seconds.

Compiler stage 4.1 finished in 1.43051e-06 seconds.

Compiler stage 5: Formatting code
---------------------------------
  
Compiler stage 5 finished in 0.000327349 seconds.

FFC finished in 0.0331867 seconds.
Calling FFC just-in-time (JIT) compiler, this may take some time.
Compiling form ffc_form_6ec74ea2e309d4ffc6c3355540d059d276496d49

Compiler stage 1: Analyzing form(s)
-----------------------------------
Adjusting missing element cell to triangle.
Adjusting missing element cell to triangle.
Adjusting missing element cell to triangle.
Adjusting missing element cell to triangle.
  
  Geometric dimension:       2
  Number of cell subdomains: 0
  Rank:                      2
  Arguments:                 '(v_0, v_1)'
  Number of coefficients:    6
  Coefficients:              '[f_3, f_7, f_8, f_10, f_31, f_40]'
  Unique elements:           'CG1(?,?), R0(?,?), Mixed<CG1(?,?), CG1(?,?)>, Mixed<Ve
                             ctor<2 x CG2(?,?)>, CG1(?,?)>, Vector<2 x CG1(?,?)>'
  Unique sub elements:       'CG1(?,?), R0(?,?), Mixed<CG1(?,?), CG1(?,?)>, Mixed<Ve
                             ctor<2 x CG2(?,?)>, CG1(?,?)>, Vector<2 x CG1(?,?)>, Ve
                             ctor<2 x CG2(?,?)>, CG2(?,?)'
  
  representation:    auto --> uflacs
  quadrature_rule:   auto --> default
  quadrature_degree: auto --> 4
  quadrature_degree: 4
  
Compiler stage 1 finished in 0.00987363 seconds.

Compiler stage 2: Computing intermediate representation
-------------------------------------------------------
  Computing representation of 0 elements
  Computing representation of 0 dofmaps
  Computing representation of 0 coordinate mappings
  Computing representation of integrals
  Computing uflacs representation
  Computing representation of forms
  
Compiler stage 2 finished in 0.0215349 seconds.

Compiler stage 3: Optimizing intermediate representation
--------------------------------------------------------
  Optimizing uflacs representation
  
Compiler stage 3 finished in 0.000196695 seconds.

Compiler stage 4: Generating code
---------------------------------
  Generating code for 0 finite_element(s)
  Generating code for 0 dofmap(s)
  Generating code for 0 coordinate_mapping(s)
  Generating code for integrals
  Generating code from ffc.uflacs representation
  Generating code for forms
  
Compiler stage 4 finished in 0.00415611 seconds.

Compiler stage 4.1 finished in 1.19209e-06 seconds.

Compiler stage 5: Formatting code
---------------------------------
  
Compiler stage 5 finished in 0.000276804 seconds.

FFC finished in 0.0363903 seconds.
Calling FFC just-in-time (JIT) compiler, this may take some time.
Compiling form ffc_form_4295a01fcbbb8f8d4e0ae12cb65acf6b90b86531

Compiler stage 1: Analyzing form(s)
-----------------------------------
Adjusting missing element cell to triangle.
Adjusting missing element cell to triangle.
Adjusting missing element cell to triangle.
Adjusting missing element cell to triangle.
Adjusting missing element cell to triangle.
  
  Geometric dimension:       2
  Number of cell subdomains: 0
  Rank:                      1
  Arguments:                 '(v_0)'
  Number of coefficients:    8
  Coefficients:              '[f_1, f_3, f_7, f_8, f_10, f_31, f_34, f_37]'
  Unique elements:           'CG1(?,?), R0(?,?), Mixed<CG1(?,?), CG1(?,?)>, Vector<2
                              x CG1(?,?)>'
  Unique sub elements:       'CG1(?,?), R0(?,?), Mixed<CG1(?,?), CG1(?,?)>, Vector<2
                              x CG1(?,?)>'
  
  representation:    auto --> uflacs
  quadrature_rule:   auto --> default
  quadrature_degree: auto --> 8
  quadrature_degree: 8
  
Compiler stage 1 finished in 0.00971222 seconds.

Compiler stage 2: Computing intermediate representation
-------------------------------------------------------
  Computing representation of 0 elements
  Computing representation of 0 dofmaps
  Computing representation of 0 coordinate mappings
  Computing representation of integrals
  Computing uflacs representation
  Computing representation of forms
  
Compiler stage 2 finished in 0.020097 seconds.

Compiler stage 3: Optimizing intermediate representation
--------------------------------------------------------
  Optimizing uflacs representation
  
Compiler stage 3 finished in 0.000189543 seconds.

Compiler stage 4: Generating code
---------------------------------
  Generating code for 0 finite_element(s)
  Generating code for 0 dofmap(s)
  Generating code for 0 coordinate_mapping(s)
  Generating code for integrals
  Generating code from ffc.uflacs representation
  Generating code for forms
  
Compiler stage 4 finished in 0.00395584 seconds.

Compiler stage 4.1 finished in 1.43051e-06 seconds.

Compiler stage 5: Formatting code
---------------------------------
  
Compiler stage 5 finished in 0.000310421 seconds.

FFC finished in 0.0345762 seconds.
Calling FFC just-in-time (JIT) compiler, this may take some time.
Compiling form ffc_form_518c38136efc4957081b7aeb1ce40acdddd27c13

Compiler stage 1: Analyzing form(s)
-----------------------------------
  
  Geometric dimension:       2
  Number of cell subdomains: 0
  Rank:                      0
  Arguments:                 '()'
  Number of coefficients:    3
  Coefficients:              '[f_22, f_25, f_40]'
  Unique elements:           'Mixed<CG1(?,?), CG1(?,?)>, CG1(?,?), Mixed<Vector<2 x 
                             CG2(?,?)>, CG1(?,?)>, Vector<2 x CG1(?,?)>'
  Unique sub elements:       'Mixed<CG1(?,?), CG1(?,?)>, CG1(?,?), Mixed<Vector<2 x 
                             CG2(?,?)>, CG1(?,?)>, Vector<2 x CG1(?,?)>, Vector<2 x 
                             CG2(?,?)>, CG2(?,?)'
  
  representation:    auto --> uflacs
  quadrature_rule:   auto --> default
  quadrature_degree: auto --> 4
  quadrature_degree: 4
  
Compiler stage 1 finished in 0.0034008 seconds.

Compiler stage 2: Computing intermediate representation
-------------------------------------------------------
  Computing representation of 0 elements
  Computing representation of 0 dofmaps
  Computing representation of 0 coordinate mappings
  Computing representation of integrals
  Computing uflacs representation
  Computing representation of forms
  
Compiler stage 2 finished in 0.0146081 seconds.

Compiler stage 3: Optimizing intermediate representation
--------------------------------------------------------
  Optimizing uflacs representation
  
Compiler stage 3 finished in 0.000187397 seconds.

Compiler stage 4: Generating code
---------------------------------
  Generating code for 0 finite_element(s)
  Generating code for 0 dofmap(s)
  Generating code for 0 coordinate_mapping(s)
  Generating code for integrals
  Generating code from ffc.uflacs representation
  Generating code for forms
  
Compiler stage 4 finished in 0.00273609 seconds.

Compiler stage 4.1 finished in 1.19209e-06 seconds.

Compiler stage 5: Formatting code
---------------------------------
  
Compiler stage 5 finished in 0.000296354 seconds.

FFC finished in 0.0215349 seconds.
Calling FFC just-in-time (JIT) compiler, this may take some time.
Compiling element ffc_element_2bee5a8d87a2d1e03bd4dd43d676168ac5e9a18b

Compiler stage 1: Analyzing element(s)
--------------------------------------
  
Compiler stage 1 finished in 0.00015831 seconds.

Compiler stage 2: Computing intermediate representation
-------------------------------------------------------
  Computing representation of 1 elements
  Computing representation of 1 dofmaps
  Computing representation of 0 coordinate mappings
  Computing representation of integrals
  Computing representation of forms
  
Compiler stage 2 finished in 0.00134611 seconds.

Compiler stage 3: Optimizing intermediate representation
--------------------------------------------------------
  Skipping optimizations, add -O or attach {'optimize': True} metadata to integrals
  
Compiler stage 3 finished in 0.000169754 seconds.

Compiler stage 4: Generating code
---------------------------------
  Generating code for 1 finite_element(s)
  Generating code for 1 dofmap(s)
  Generating code for 0 coordinate_mapping(s)
  Generating code for integrals
  Generating code for forms
  
Compiler stage 4 finished in 0.0214071 seconds.

Compiler stage 4.1 finished in 1.43051e-06 seconds.

Compiler stage 5: Formatting code
---------------------------------
  
Compiler stage 5 finished in 0.000350475 seconds.

FFC finished in 0.0237508 seconds.
Calling FFC just-in-time (JIT) compiler, this may take some time.
Compiling element ffc_element_53a0fa339713407c2ba087e43797f8f3b28c3742

Compiler stage 1: Analyzing element(s)
--------------------------------------
  
Compiler stage 1 finished in 0.000187635 seconds.

Compiler stage 2: Computing intermediate representation
-------------------------------------------------------
  Computing representation of 1 elements
  Computing representation of 1 dofmaps
  Computing representation of 0 coordinate mappings
  Computing representation of integrals
  Computing representation of forms
  
Compiler stage 2 finished in 0.00196528 seconds.

Compiler stage 3: Optimizing intermediate representation
--------------------------------------------------------
  Skipping optimizations, add -O or attach {'optimize': True} metadata to integrals
  
Compiler stage 3 finished in 0.000174761 seconds.

Compiler stage 4: Generating code
---------------------------------
  Generating code for 1 finite_element(s)
  Generating code for 1 dofmap(s)
  Generating code for 0 coordinate_mapping(s)
  Generating code for integrals
  Generating code for forms
  
Compiler stage 4 finished in 0.0370424 seconds.

Compiler stage 4.1 finished in 1.66893e-06 seconds.

Compiler stage 5: Formatting code
---------------------------------
  
Compiler stage 5 finished in 0.000359774 seconds.

FFC finished in 0.0400252 seconds.
Calling FFC just-in-time (JIT) compiler, this may take some time.
Compiling element ffc_element_0b7fb5558502778c5f1867ef0e24aa54000c857e

Compiler stage 1: Analyzing element(s)
--------------------------------------
  
Compiler stage 1 finished in 0.000188828 seconds.

Compiler stage 2: Computing intermediate representation
-------------------------------------------------------
  Computing representation of 1 elements
  Computing representation of 1 dofmaps
  Computing representation of 0 coordinate mappings
  Computing representation of integrals
  Computing representation of forms
  
Compiler stage 2 finished in 0.00231981 seconds.

Compiler stage 3: Optimizing intermediate representation
--------------------------------------------------------
  Skipping optimizations, add -O or attach {'optimize': True} metadata to integrals
  
Compiler stage 3 finished in 0.000178337 seconds.

Compiler stage 4: Generating code
---------------------------------
  Generating code for 1 finite_element(s)
  Generating code for 1 dofmap(s)
  Generating code for 0 coordinate_mapping(s)
  Generating code for integrals
  Generating code for forms
  
Compiler stage 4 finished in 0.0424898 seconds.

Compiler stage 4.1 finished in 1.19209e-06 seconds.

Compiler stage 5: Formatting code
---------------------------------
  
Compiler stage 5 finished in 0.000367641 seconds.

FFC finished in 0.0458362 seconds.
Calling FFC just-in-time (JIT) compiler, this may take some time.
Compiling form ffc_form_0273a1130dfa59852198ae7546130f18323b6c4c

Compiler stage 1: Analyzing form(s)
-----------------------------------
Adjusting missing element cell to triangle.
Adjusting missing element cell to triangle.
Adjusting missing element cell to triangle.
Adjusting missing element cell to triangle.
Adjusting missing element cell to triangle.
  
  Geometric dimension:       2
  Number of cell subdomains: 0
  Rank:                      0
  Arguments:                 '()'
  Number of coefficients:    8
  Coefficients:              '[f_0, f_4, f_5, f_6, f_7, f_22, f_25, f_28]'
  Unique elements:           'R0(?,?), Mixed<CG1(?,?), CG1(?,?)>, CG1(?,?), Vector<2
                              x CG1(?,?)>'
  Unique sub elements:       'R0(?,?), Mixed<CG1(?,?), CG1(?,?)>, CG1(?,?), Vector<2
                              x CG1(?,?)>'
  
  representation:    auto --> uflacs
  quadrature_rule:   auto --> default
  quadrature_degree: auto --> 11
  quadrature_degree: 11
  
Compiler stage 1 finished in 0.00754237 seconds.

Compiler stage 2: Computing intermediate representation
-------------------------------------------------------
  Computing representation of 0 elements
  Computing representation of 0 dofmaps
  Computing representation of 0 coordinate mappings
  Computing representation of integrals
  Computing uflacs representation
  Computing representation of forms
  
Compiler stage 2 finished in 0.0190604 seconds.

Compiler stage 3: Optimizing intermediate representation
--------------------------------------------------------
  Optimizing uflacs representation
  
Compiler stage 3 finished in 0.000179768 seconds.

Compiler stage 4: Generating code
---------------------------------
  Generating code for 0 finite_element(s)
  Generating code for 0 dofmap(s)
  Generating code for 0 coordinate_mapping(s)
  Generating code for integrals
  Generating code from ffc.uflacs representation
  Generating code for forms
  
Compiler stage 4 finished in 0.00392556 seconds.

Compiler stage 4.1 finished in 1.19209e-06 seconds.

Compiler stage 5: Formatting code
---------------------------------
  
Compiler stage 5 finished in 0.000353575 seconds.

FFC finished in 0.0313721 seconds.
Calling FFC just-in-time (JIT) compiler, this may take some time.
Compiling form ffc_form_c4723d7b6b54b05ab2f2f96a09418a3aee69bfd1

Compiler stage 1: Analyzing form(s)
-----------------------------------
Adjusting missing element cell to triangle.
Adjusting missing element cell to triangle.
Adjusting missing element cell to triangle.
Adjusting missing element cell to triangle.
Adjusting missing element cell to triangle.
  
  Geometric dimension:       2
  Number of cell subdomains: 0
  Rank:                      0
  Arguments:                 '()'
  Number of coefficients:    8
  Coefficients:              '[f_0, f_4, f_5, f_6, f_7, f_22, f_25, f_28]'
  Unique elements:           'R0(?,?), Mixed<CG1(?,?), CG1(?,?)>, CG1(?,?), Vector<2
                              x CG1(?,?)>'
  Unique sub elements:       'R0(?,?), Mixed<CG1(?,?), CG1(?,?)>, CG1(?,?), Vector<2
                              x CG1(?,?)>'
  
  representation:    auto --> uflacs
  quadrature_rule:   auto --> default
  quadrature_degree: auto --> 11
  quadrature_degree: 11
  
Compiler stage 1 finished in 0.00822353 seconds.

Compiler stage 2: Computing intermediate representation
-------------------------------------------------------
  Computing representation of 0 elements
  Computing representation of 0 dofmaps
  Computing representation of 0 coordinate mappings
  Computing representation of integrals
  Computing uflacs representation
  Computing representation of forms
  
Compiler stage 2 finished in 0.0672717 seconds.

Compiler stage 3: Optimizing intermediate representation
--------------------------------------------------------
  Optimizing uflacs representation
  
Compiler stage 3 finished in 0.00018549 seconds.

Compiler stage 4: Generating code
---------------------------------
  Generating code for 0 finite_element(s)
  Generating code for 0 dofmap(s)
  Generating code for 0 coordinate_mapping(s)
  Generating code for integrals
  Generating code from ffc.uflacs representation
  Generating code for forms
  
Compiler stage 4 finished in 0.0039022 seconds.

Compiler stage 4.1 finished in 1.66893e-06 seconds.

Compiler stage 5: Formatting code
---------------------------------
  
Compiler stage 5 finished in 0.000317574 seconds.

FFC finished in 0.0802298 seconds.
