# Phase-field parametersInput
Alpha: 17.64102564
Beta: 1.0
Kappac: 19.84615385
KappaEta: 6.75
Surface Diffusion: 10.36
GB Diffusion: 0.8
Volume Diffusion: 0.08
Mobility L: 0.069333333
Epsilon: 3.01

# Mechanics Parameters
Surface viscosity: 0.0
GB viscosity: 0.0
Bulk viscosity: 5000.0
Viscosity Ratio: 0.0001
 
# Computational Setting
Particle Radius: 45.0
Particle Number: 2
Characteristic time: 7200.0
Dimension X: 200.0
Dimension Y: 110.0
NumberOfElement X: 100
NumberOfElement Y: 55
TimeStep: 0.03
InitialTime: 0.0
NumberOfTimeStep: 240000
IntialStepCounter: 0
FrequencyOutPut: 2000
 
# Algorithmic parameters
theta: 0.5
 
# Normalized Materials Properties
specfic surface energy: 4.410256410555555
surface thickness: 3.000000000377907
Grain boundary thickness: 3.0
Calling FFC just-in-time (JIT) compiler, this may take some time.
Compiling form ffc_form_9850ccdce8337ca5877e7479b23fbb7c9f44ecca

Compiler stage 1: Analyzing form(s)
-----------------------------------
  
  Geometric dimension:       2
  Number of cell subdomains: 0
  Rank:                      2
  Arguments:                 '(v_0, v_1)'
  Number of coefficients:    0
  Coefficients:              '[]'
  Unique elements:           'CG1(?,?), Vector<2 x CG1(?,?)>'
  Unique sub elements:       'CG1(?,?), Vector<2 x CG1(?,?)>'
  
  representation:    auto --> uflacs
  quadrature_rule:   auto --> default
  quadrature_degree: auto --> 2
  quadrature_degree: 2
  
Compiler stage 1 finished in 0.0182793 seconds.

Compiler stage 2: Computing intermediate representation
-------------------------------------------------------
  Computing representation of 0 elements
  Computing representation of 0 dofmaps
  Computing representation of 0 coordinate mappings
  Computing representation of integrals
  Computing uflacs representation
  Computing representation of forms
  
Compiler stage 2 finished in 0.0677748 seconds.

Compiler stage 3: Optimizing intermediate representation
--------------------------------------------------------
  Optimizing uflacs representation
  
Compiler stage 3 finished in 0.000211239 seconds.

Compiler stage 4: Generating code
---------------------------------
  Generating code for 0 finite_element(s)
  Generating code for 0 dofmap(s)
  Generating code for 0 coordinate_mapping(s)
  Generating code for integrals
  Generating code from ffc.uflacs representation
  Generating code for forms
  
Compiler stage 4 finished in 0.00871921 seconds.

Compiler stage 4.1 finished in 1.19209e-06 seconds.

Compiler stage 5: Formatting code
---------------------------------
  
Compiler stage 5 finished in 0.000354052 seconds.

FFC finished in 0.0956736 seconds.
Calling FFC just-in-time (JIT) compiler, this may take some time.
Compiling form ffc_form_8cc86c66642c5a19023e15e7e9d000e004afc0a0

Compiler stage 1: Analyzing form(s)
-----------------------------------
  
  Geometric dimension:       2
  Number of cell subdomains: 0
  Rank:                      1
  Arguments:                 '(v_0)'
  Number of coefficients:    1
  Coefficients:              '[f_22]'
  Unique elements:           'CG1(?,?), Mixed<CG1(?,?), CG1(?,?)>, Vector<2 x CG1(?,
                             ?)>'
  Unique sub elements:       'CG1(?,?), Mixed<CG1(?,?), CG1(?,?)>, Vector<2 x CG1(?,
                             ?)>'
  
  representation:    auto --> uflacs
  quadrature_rule:   auto --> default
  quadrature_degree: auto --> 2
  quadrature_degree: 2
  
Compiler stage 1 finished in 0.00434446 seconds.

Compiler stage 2: Computing intermediate representation
-------------------------------------------------------
  Computing representation of 0 elements
  Computing representation of 0 dofmaps
  Computing representation of 0 coordinate mappings
  Computing representation of integrals
  Computing uflacs representation
  Computing representation of forms
  
Compiler stage 2 finished in 0.0648966 seconds.

Compiler stage 3: Optimizing intermediate representation
--------------------------------------------------------
  Optimizing uflacs representation
  
Compiler stage 3 finished in 0.000197411 seconds.

Compiler stage 4: Generating code
---------------------------------
  Generating code for 0 finite_element(s)
  Generating code for 0 dofmap(s)
  Generating code for 0 coordinate_mapping(s)
  Generating code for integrals
  Generating code from ffc.uflacs representation
  Generating code for forms
  
Compiler stage 4 finished in 0.00239253 seconds.

Compiler stage 4.1 finished in 1.66893e-06 seconds.

Compiler stage 5: Formatting code
---------------------------------
  
Compiler stage 5 finished in 0.00030303 seconds.

FFC finished in 0.0725267 seconds.
